<?xml version="1.0" encoding="UTF-8"?>
<!-- Generated by org.testng.reporters.JUnitReportReporter -->
<testsuite hostname="DESKTOP-9GIQDKD" failures="0" tests="1" name="com.demo.FacebookLoginTest" time="34.577" errors="0" timestamp="2024-09-03T15:59:49 IST" skipped="0">
  <testcase classname="com.demo.FacebookLoginTest" name="FBLoginTest" time="34.577"/>
</testsuite> <!-- com.demo.FacebookLoginTest -->
