<?xml version="1.0" encoding="UTF-8"?>
<!-- Generated by org.testng.reporters.JUnitReportReporter -->
<testsuite hostname="DESKTOP-9GIQDKD" failures="0" tests="1" name="com.demo.LinkedinLoginTest" time="60.981" errors="0" timestamp="2024-09-03T15:59:49 IST" skipped="0">
  <testcase classname="com.demo.LinkedinLoginTest" name="LinkLoginTest" time="60.981"/>
</testsuite> <!-- com.demo.LinkedinLoginTest -->
